<?xml version="1.0" encoding="UTF-8"?>
<!-- Generated by org.testng.reporters.JUnitReportReporter -->
<testsuite hostname="MSI" failures="0" tests="4" name="MyPackage.RestAssuredTest" time="3.357" errors="0" timestamp="2022-05-28T02:05:19 IST" skipped="0">
  <testcase classname="MyPackage.RestAssuredTest" name="getRequest" time="1.253"/>
  <system-out/>
  <testcase classname="MyPackage.RestAssuredTest" name="postRequest" time="0.763"/>
  <system-out/>
  <testcase classname="MyPackage.RestAssuredTest" name="putRequest" time="0.660"/>
  <system-out/>
  <testcase classname="MyPackage.RestAssuredTest" name="deleteRequest" time="0.681"/>
  <system-out/>
</testsuite> <!-- MyPackage.RestAssuredTest -->
