<?xml version="1.0" encoding="UTF-8"?>
<!-- Generated by org.testng.reporters.JUnitReportReporter -->
<testsuite hostname="MSI" failures="0" tests="4" name="RestAssuredTest" time="3.489" errors="0" timestamp="2022-05-28T00:31:23 IST" skipped="0">
  <testcase classname="RestAssuredTest" name="getRequest" time="1.408"/>
  <system-out/>
  <testcase classname="RestAssuredTest" name="postRequest" time="0.763"/>
  <system-out/>
  <testcase classname="RestAssuredTest" name="putRequest" time="0.654"/>
  <system-out/>
  <testcase classname="RestAssuredTest" name="deleteRequest" time="0.664"/>
  <system-out/>
</testsuite> <!-- RestAssuredTest -->
